0 info it worked if it ends with ok
1 verbose cli [ '/Users/MrKynd/.nvm/versions/node/v6.2.0/bin/node',
1 verbose cli   '/Users/MrKynd/.nvm/versions/node/v6.2.0/bin/npm',
1 verbose cli   'start' ]
2 info using npm@3.8.9
3 info using node@v6.2.0
4 verbose run-script [ 'prestart', 'start', 'poststart' ]
5 info lifecycle simpleserver@1.0.0~prestart: simpleserver@1.0.0
6 silly lifecycle simpleserver@1.0.0~prestart: no script for prestart, continuing
7 info lifecycle simpleserver@1.0.0~start: simpleserver@1.0.0
8 verbose lifecycle simpleserver@1.0.0~start: unsafe-perm in lifecycle true
9 verbose lifecycle simpleserver@1.0.0~start: PATH: /Users/MrKynd/.nvm/versions/node/v6.2.0/lib/node_modules/npm/bin/node-gyp-bin:/Users/MrKynd/Playground/nodeprojects/simpleserver/node_modules/.bin:/Users/MrKynd/.nvm/versions/node/v6.2.0/bin:/Users/MrKynd/.rvm/gems/ruby-2.2.1/bin:/Users/MrKynd/.rvm/gems/ruby-2.2.1@global/bin:/Users/MrKynd/.rvm/rubies/ruby-2.2.1/bin:/Users/MrKynd/.nvm/versions/node/v6.2.0/bin:/usr/local/bin:/usr/bin:/bin:/usr/sbin:/sbin:/Users/MrKynd/.rvm/bin
10 verbose lifecycle simpleserver@1.0.0~start: CWD: /Users/MrKynd/Playground/nodeprojects/simpleserver
11 silly lifecycle simpleserver@1.0.0~start: Args: [ '-c', 'npm run server' ]
12 silly lifecycle simpleserver@1.0.0~start: Returned: code: 1  signal: null
13 info lifecycle simpleserver@1.0.0~start: Failed to exec start script
14 verbose stack Error: simpleserver@1.0.0 start: `npm run server`
14 verbose stack Exit status 1
14 verbose stack     at EventEmitter.<anonymous> (/Users/MrKynd/.nvm/versions/node/v6.2.0/lib/node_modules/npm/lib/utils/lifecycle.js:245:16)
14 verbose stack     at emitTwo (events.js:106:13)
14 verbose stack     at EventEmitter.emit (events.js:191:7)
14 verbose stack     at ChildProcess.<anonymous> (/Users/MrKynd/.nvm/versions/node/v6.2.0/lib/node_modules/npm/lib/utils/spawn.js:24:14)
14 verbose stack     at emitTwo (events.js:106:13)
14 verbose stack     at ChildProcess.emit (events.js:191:7)
14 verbose stack     at maybeClose (internal/child_process.js:850:16)
14 verbose stack     at Process.ChildProcess._handle.onexit (internal/child_process.js:215:5)
15 verbose pkgid simpleserver@1.0.0
16 verbose cwd /Users/MrKynd/Playground/nodeprojects/simpleserver
17 error Darwin 15.3.0
18 error argv "/Users/MrKynd/.nvm/versions/node/v6.2.0/bin/node" "/Users/MrKynd/.nvm/versions/node/v6.2.0/bin/npm" "start"
19 error node v6.2.0
20 error npm  v3.8.9
21 error code ELIFECYCLE
22 error simpleserver@1.0.0 start: `npm run server`
22 error Exit status 1
23 error Failed at the simpleserver@1.0.0 start script 'npm run server'.
23 error Make sure you have the latest version of node.js and npm installed.
23 error If you do, this is most likely a problem with the simpleserver package,
23 error not with npm itself.
23 error Tell the author that this fails on your system:
23 error     npm run server
23 error You can get information on how to open an issue for this project with:
23 error     npm bugs simpleserver
23 error Or if that isn't available, you can get their info via:
23 error     npm owner ls simpleserver
23 error There is likely additional logging output above.
24 verbose exit [ 1, true ]
